
 /----------------------------------------------------------------------------\
 |  yosys -- Yosys Open SYnthesis Suite                                       |
 |  Copyright (C) 2012 - 2026  Claire Xenia Wolf <claire@yosyshq.com>         |
 |  Distributed under an ISC-like license, type "license" to see terms        |
 \----------------------------------------------------------------------------/
 Yosys 0.63+188 (git sha1 cede13a74-dirty, x86_64-w64-mingw32-g++ 13.2.1 -O3)

-- Executing script file `design_prep.ys' --

1. Executing RTLIL frontend.
Input filename: design.il

2. Executing SCC pass (detecting logic loops).
Found 0 SCCs in module $paramod$fe3d7b146cbc6a6bb98f4ef4e9d5205bc3a1db7a\bus_synchronizer.
Found 0 SCCs in module bus_synchronizer_formal.
Found 0 SCCs.

3. Executing SIMPLEMAP pass (map simple cells to gate primitives).

4. Executing MEMORY_NORDFF pass (extracting $dff cells from memories).

5. Executing CLK2FFLOGIC pass (convert clocked FFs to generic $ff cells).

5.1. Executing PEEPOPT pass (run peephole optimizers).
Replacing $paramod$fe3d7b146cbc6a6bb98f4ef4e9d5205bc3a1db7a\bus_synchronizer.$procdff$104 ($adff): CLK=\dst_clk, D=$0\dst_valid[0:0], Q=\dst_valid
Replacing $paramod$fe3d7b146cbc6a6bb98f4ef4e9d5205bc3a1db7a\bus_synchronizer.$procdff$109 ($adff): CLK=\dst_clk, D=$0\dst_pulse[0:0], Q=\dst_pulse
Replacing $paramod$fe3d7b146cbc6a6bb98f4ef4e9d5205bc3a1db7a\bus_synchronizer.$procdff$114 ($adff): CLK=\dst_clk, D=$0\dst_seen_req_toggle_q[0:0], Q=\dst_seen_req_toggle_q
Replacing $paramod$fe3d7b146cbc6a6bb98f4ef4e9d5205bc3a1db7a\bus_synchronizer.$procdff$119 ($adff): CLK=\dst_clk, D=$0\dst_ack_toggle_q[0:0], Q=\dst_ack_toggle_q
Replacing $paramod$fe3d7b146cbc6a6bb98f4ef4e9d5205bc3a1db7a\bus_synchronizer.$procdff$129 ($adff): CLK=\dst_clk, D=\src_req_toggle_q, Q=\req_sync_q[0]
Replacing $paramod$fe3d7b146cbc6a6bb98f4ef4e9d5205bc3a1db7a\bus_synchronizer.$procdff$134 ($adff): CLK=\dst_clk, D=\req_sync_q[0], Q=\req_sync_q[1]
Replacing $paramod$fe3d7b146cbc6a6bb98f4ef4e9d5205bc3a1db7a\bus_synchronizer.$procdff$139 ($adff): CLK=\src_clk, D=$0\src_buffer_q[7:0], Q=\src_buffer_q
Replacing $paramod$fe3d7b146cbc6a6bb98f4ef4e9d5205bc3a1db7a\bus_synchronizer.$procdff$144 ($adff): CLK=\src_clk, D=$0\src_req_toggle_q[0:0], Q=\src_req_toggle_q
Replacing $paramod$fe3d7b146cbc6a6bb98f4ef4e9d5205bc3a1db7a\bus_synchronizer.$procdff$154 ($adff): CLK=\src_clk, D=\dst_ack_toggle_q, Q=\ack_sync_q[0]
Replacing $paramod$fe3d7b146cbc6a6bb98f4ef4e9d5205bc3a1db7a\bus_synchronizer.$procdff$159 ($adff): CLK=\src_clk, D=\ack_sync_q[0], Q=\ack_sync_q[1]
Replacing $paramod$fe3d7b146cbc6a6bb98f4ef4e9d5205bc3a1db7a\bus_synchronizer.$procdff$99 ($adff): CLK=\dst_clk, D=$0\dst_data[7:0], Q=\dst_data

6. Executing OPT_CLEAN pass (remove unused cells and wires).
Finding unused cells or wires in module $paramod$fe3d7b146cbc6a6bb98f4ef4e9d5205bc3a1db7a\bus_synchronizer..
Finding unused cells or wires in module \bus_synchronizer_formal..
Removed 14 unused cells and 25 unused wires.
<suppressed ~16 debug messages>

7. Executing FORMALFF pass.

8. Executing OPT_CLEAN pass (remove unused cells and wires).
Finding unused cells or wires in module $paramod$fe3d7b146cbc6a6bb98f4ef4e9d5205bc3a1db7a\bus_synchronizer..
Finding unused cells or wires in module \bus_synchronizer_formal..

9. Executing CHECK pass (checking for obvious problems).
Checking module $paramod$fe3d7b146cbc6a6bb98f4ef4e9d5205bc3a1db7a\bus_synchronizer...
Checking module bus_synchronizer_formal...
Found and reported 0 problems.

10. Executing SETUNDEF pass (replace undef values with defined constants).

11. Executing OPT pass (performing simple optimizations).

11.1. Executing OPT_EXPR pass (perform const folding).
Optimizing module $paramod$fe3d7b146cbc6a6bb98f4ef4e9d5205bc3a1db7a\bus_synchronizer.
<suppressed ~11 debug messages>
Optimizing module bus_synchronizer_formal.

11.2. Executing OPT_MERGE pass (detect identical cells).
Finding identical cells in module `$paramod$fe3d7b146cbc6a6bb98f4ef4e9d5205bc3a1db7a\bus_synchronizer'.
Computing hashes of 115 cells of `$paramod$fe3d7b146cbc6a6bb98f4ef4e9d5205bc3a1db7a\bus_synchronizer'.
Finding duplicate cells in `$paramod$fe3d7b146cbc6a6bb98f4ef4e9d5205bc3a1db7a\bus_synchronizer'.
Computing hashes of 97 cells of `$paramod$fe3d7b146cbc6a6bb98f4ef4e9d5205bc3a1db7a\bus_synchronizer'.
Finding duplicate cells in `$paramod$fe3d7b146cbc6a6bb98f4ef4e9d5205bc3a1db7a\bus_synchronizer'.
Computing hashes of 79 cells of `$paramod$fe3d7b146cbc6a6bb98f4ef4e9d5205bc3a1db7a\bus_synchronizer'.
Finding duplicate cells in `$paramod$fe3d7b146cbc6a6bb98f4ef4e9d5205bc3a1db7a\bus_synchronizer'.
<suppressed ~108 debug messages>
Finding identical cells in module `\bus_synchronizer_formal'.
Computing hashes of 34 cells of `\bus_synchronizer_formal'.
Finding duplicate cells in `\bus_synchronizer_formal'.
Removed a total of 36 cells.

11.3. Executing OPT_DFF pass (perform DFF optimizations).

11.4. Executing OPT_CLEAN pass (remove unused cells and wires).
Finding unused cells or wires in module $paramod$fe3d7b146cbc6a6bb98f4ef4e9d5205bc3a1db7a\bus_synchronizer..
Finding unused cells or wires in module \bus_synchronizer_formal..
Removed 0 unused cells and 36 unused wires.
<suppressed ~1 debug messages>

11.5. Finished fast OPT passes.

12. Executing OPT_CLEAN pass (remove unused cells and wires).
Finding unused cells or wires in module $paramod$fe3d7b146cbc6a6bb98f4ef4e9d5205bc3a1db7a\bus_synchronizer..
Finding unused cells or wires in module \bus_synchronizer_formal..

13. Executing RTLIL backend.
Output filename: ../model/design_prep.il

End of script. Logfile hash: 8ed904c0a7
Yosys 0.63+188 (git sha1 cede13a74-dirty, x86_64-w64-mingw32-g++ 13.2.1 -O3)
Time spent: 5% 4x opt_clean (0 sec), 5% 4x id_gc (0 sec), ...
