
 /----------------------------------------------------------------------------\
 |  yosys -- Yosys Open SYnthesis Suite                                       |
 |  Copyright (C) 2012 - 2026  Claire Xenia Wolf <claire@yosyshq.com>         |
 |  Distributed under an ISC-like license, type "license" to see terms        |
 \----------------------------------------------------------------------------/
 Yosys 0.63+188 (git sha1 cede13a74-dirty, x86_64-w64-mingw32-g++ 13.2.1 -O3)

-- Executing script file `design_smt2.ys' --

1. Executing RTLIL frontend.
Input filename: design_prep.il

2. Executing HIERARCHY pass (managing design hierarchy).
Attribute `top' found on module `bus_synchronizer_formal'. Setting top module to bus_synchronizer_formal.

2.1. Analyzing design hierarchy..
Top module:  \bus_synchronizer_formal
Used module:     $paramod$fe3d7b146cbc6a6bb98f4ef4e9d5205bc3a1db7a\bus_synchronizer

2.2. Analyzing design hierarchy..
Top module:  \bus_synchronizer_formal
Used module:     $paramod$fe3d7b146cbc6a6bb98f4ef4e9d5205bc3a1db7a\bus_synchronizer
Removed 0 unused modules.
Module bus_synchronizer_formal directly or indirectly contains formal properties -> setting "keep" attribute.

3. Executing FORMALFF pass.

4. Executing DFFUNMAP pass (unmap clock enable and synchronous reset from FFs).

5. Printing statistics.

=== $paramod$fe3d7b146cbc6a6bb98f4ef4e9d5205bc3a1db7a\bus_synchronizer ===

        +----------Local Count, excluding submodules.
        | 
       86 wires
      177 wire bits
       19 public wires
       40 public wire bits
       11 ports
       25 port bits
       79 cells
       11   $anyinit
        1   $eq
        2   $eqx
       15   $ff
        3   $logic_and
        1   $logic_not
       42   $mux
        1   $ne
        3   $not

=== bus_synchronizer_formal ===

        +----------Local Count, excluding submodules.
        | 
       32 wires
       54 wire bits
       15 public wires
       33 public wire bits
       33 cells
        1   $add
        3   $anyseq
        6   $assert
        1   $assume
        3   $ff
        2   $ge
        2   $logic_and
        6   $logic_not
        9   $mux
        1 submodules
        1   $paramod$fe3d7b146cbc6a6bb98f4ef4e9d5205bc3a1db7a\bus_synchronizer

=== design hierarchy ===

        +----------Count including submodules.
        | 
      112 bus_synchronizer_formal
       79 $paramod$fe3d7b146cbc6a6bb98f4ef4e9d5205bc3a1db7a\bus_synchronizer

        +----------Count including submodules.
        | 
      118 wires
      231 wire bits
       34 public wires
       73 public wire bits
       11 ports
       25 port bits
        - memories
        - memory bits
        - processes
      112 cells
        1   $add
       11   $anyinit
        3   $anyseq
        6   $assert
        1   $assume
        1   $eq
        2   $eqx
       18   $ff
        2   $ge
        5   $logic_and
        7   $logic_not
       51   $mux
        1   $ne
        3   $not
        1 submodules
        1   $paramod$fe3d7b146cbc6a6bb98f4ef4e9d5205bc3a1db7a\bus_synchronizer

6. Executing SMT2 backend.

6.1. Executing BMUXMAP pass.

6.2. Executing DEMUXMAP pass.
Creating SMT-LIBv2 representation of module $paramod$fe3d7b146cbc6a6bb98f4ef4e9d5205bc3a1db7a\bus_synchronizer.
Creating SMT-LIBv2 representation of module bus_synchronizer_formal.

End of script. Logfile hash: bc544772b4
Yosys 0.63+188 (git sha1 cede13a74-dirty, x86_64-w64-mingw32-g++ 13.2.1 -O3)
Time spent: 10% 2x write_smt2 (0 sec), 10% 2x read_rtlil (0 sec), ...
