
 /----------------------------------------------------------------------------\
 |  yosys -- Yosys Open SYnthesis Suite                                       |
 |  Copyright (C) 2012 - 2026  Claire Xenia Wolf <claire@yosyshq.com>         |
 |  Distributed under an ISC-like license, type "license" to see terms        |
 \----------------------------------------------------------------------------/
 Yosys 0.63+188 (git sha1 cede13a74-dirty, x86_64-w64-mingw32-g++ 13.2.1 -O3)

-- Executing script file `../model/design.ys' --

1. Executing Verilog-2005 frontend: bus_synchronizer.sv
Parsing formal SystemVerilog input from `bus_synchronizer.sv' to AST representation.
Storing AST representation for module `$abstract\bus_synchronizer'.
Successfully finished Verilog frontend.

2. Executing Verilog-2005 frontend: bus_synchronizer_formal.sv
Parsing formal SystemVerilog input from `bus_synchronizer_formal.sv' to AST representation.
Storing AST representation for module `$abstract\bus_synchronizer_formal'.
Successfully finished Verilog frontend.

3. Executing PREP pass.

3.1. Executing HIERARCHY pass (managing design hierarchy).

3.2. Executing AST frontend in derive mode using pre-parsed AST for module `\bus_synchronizer_formal'.
Generating RTLIL representation for module `\bus_synchronizer_formal'.

3.2.1. Analyzing design hierarchy..
Top module:  \bus_synchronizer_formal
Parameter \DATA_WIDTH = 8
Parameter \SYNC_STAGES = 2
Parameter \RESET_VALUE = 8'00000000

3.2.2. Executing AST frontend in derive mode using pre-parsed AST for module `\bus_synchronizer'.
Parameter \DATA_WIDTH = 8
Parameter \SYNC_STAGES = 2
Parameter \RESET_VALUE = 8'00000000
Generating RTLIL representation for module `$paramod$fe3d7b146cbc6a6bb98f4ef4e9d5205bc3a1db7a\bus_synchronizer'.
Warning: Replacing memory \req_sync_q with list of registers. See bus_synchronizer.sv:67
Warning: Replacing memory \ack_sync_q with list of registers. See bus_synchronizer.sv:43

3.2.3. Analyzing design hierarchy..
Top module:  \bus_synchronizer_formal
Used module:     $paramod$fe3d7b146cbc6a6bb98f4ef4e9d5205bc3a1db7a\bus_synchronizer

3.2.4. Analyzing design hierarchy..
Top module:  \bus_synchronizer_formal
Used module:     $paramod$fe3d7b146cbc6a6bb98f4ef4e9d5205bc3a1db7a\bus_synchronizer
Removing unused module `$abstract\bus_synchronizer_formal'.
Removing unused module `$abstract\bus_synchronizer'.
Removed 2 unused modules.
Module bus_synchronizer_formal directly or indirectly contains formal properties -> setting "keep" attribute.

3.3. Executing PROC pass (convert processes to netlists).

3.3.1. Executing PROC_CLEAN pass (remove empty switches from decision trees).
Found and cleaned up 2 empty switches in `$paramod$fe3d7b146cbc6a6bb98f4ef4e9d5205bc3a1db7a\bus_synchronizer.$proc$bus_synchronizer.sv:27$41'.
Removing empty process `$paramod$fe3d7b146cbc6a6bb98f4ef4e9d5205bc3a1db7a\bus_synchronizer.$proc$bus_synchronizer.sv:27$41'.
Cleaned up 2 empty switches.

3.3.2. Executing PROC_RMDEAD pass (remove dead branches from decision trees).
Marked 2 switch rules as full_case in process $proc$bus_synchronizer.sv:59$35 in module $paramod$fe3d7b146cbc6a6bb98f4ef4e9d5205bc3a1db7a\bus_synchronizer.
Marked 1 switch rules as full_case in process $proc$bus_synchronizer.sv:38$31 in module $paramod$fe3d7b146cbc6a6bb98f4ef4e9d5205bc3a1db7a\bus_synchronizer.
Marked 1 switch rules as full_case in process $proc$bus_synchronizer_formal.sv:46$12 in module bus_synchronizer_formal.
Removed a total of 0 dead cases.

3.3.3. Executing PROC_PRUNE pass (remove redundant assignments in processes).
Removed 5 redundant assignments.
Promoted 7 assignments to connections.

3.3.4. Executing PROC_INIT pass (extract init attributes).
Found init rule in `\bus_synchronizer_formal.$proc$bus_synchronizer_formal.sv:40$29'.
  Set init value: \formal_ticks = 5'00000
  Set init value: \prev_dst_clk = 1'0
  Set init value: \prev_dst_pulse_sampled = 1'0

3.3.5. Executing PROC_ARST pass (detect async resets in processes).
Found async reset \dst_rst_n in `$paramod$fe3d7b146cbc6a6bb98f4ef4e9d5205bc3a1db7a\bus_synchronizer.$proc$bus_synchronizer.sv:59$35'.
Found async reset \src_rst_n in `$paramod$fe3d7b146cbc6a6bb98f4ef4e9d5205bc3a1db7a\bus_synchronizer.$proc$bus_synchronizer.sv:38$31'.

3.3.6. Executing PROC_ROM pass (convert switches to ROMs).
Converted 0 switches.
<suppressed ~7 debug messages>

3.3.7. Executing PROC_MUX pass (convert decision trees to multiplexers).
Creating decoders for process `$paramod$fe3d7b146cbc6a6bb98f4ef4e9d5205bc3a1db7a\bus_synchronizer.$proc$bus_synchronizer.sv:59$35'.
     1/8: $0\dst_pulse[0:0]
     2/8: $3\idx[31:0]
     3/8: $0\req_sync_q[1][0:0]
     4/8: $0\req_sync_q[0][0:0]
     5/8: $0\dst_ack_toggle_q[0:0]
     6/8: $0\dst_seen_req_toggle_q[0:0]
     7/8: $0\dst_valid[0:0]
     8/8: $0\dst_data[7:0]
Creating decoders for process `$paramod$fe3d7b146cbc6a6bb98f4ef4e9d5205bc3a1db7a\bus_synchronizer.$proc$bus_synchronizer.sv:38$31'.
     1/5: $1\idx[31:0]
     2/5: $0\ack_sync_q[1][0:0]
     3/5: $0\ack_sync_q[0][0:0]
     4/5: $0\src_req_toggle_q[0:0]
     5/5: $0\src_buffer_q[7:0]
Creating decoders for process `\bus_synchronizer_formal.$proc$bus_synchronizer_formal.sv:40$29'.
Creating decoders for process `\bus_synchronizer_formal.$proc$bus_synchronizer_formal.sv:46$12'.
     1/8: $assert$bus_synchronizer_formal.sv:65$26_EN
     2/8: $assert$bus_synchronizer_formal.sv:63$25_EN
     3/8: $assert$bus_synchronizer_formal.sv:58$23_EN
     4/8: $assert$bus_synchronizer_formal.sv:57$21_EN
     5/8: $assert$bus_synchronizer_formal.sv:56$19_EN
     6/8: $assert$bus_synchronizer_formal.sv:52$17_EN
     7/8: $assume$bus_synchronizer_formal.sv:51$15_EN
     8/8: $0\prev_dst_pulse_sampled[0:0]

3.3.8. Executing PROC_DLATCH pass (convert process syncs to latches).

3.3.9. Executing PROC_DFF pass (convert process syncs to FFs).
Creating register for signal `$paramod$fe3d7b146cbc6a6bb98f4ef4e9d5205bc3a1db7a\bus_synchronizer.\dst_data' using process `$paramod$fe3d7b146cbc6a6bb98f4ef4e9d5205bc3a1db7a\bus_synchronizer.$proc$bus_synchronizer.sv:59$35'.
  created $adff cell `$procdff$99' with positive edge clock and positive level reset.
Creating register for signal `$paramod$fe3d7b146cbc6a6bb98f4ef4e9d5205bc3a1db7a\bus_synchronizer.\dst_valid' using process `$paramod$fe3d7b146cbc6a6bb98f4ef4e9d5205bc3a1db7a\bus_synchronizer.$proc$bus_synchronizer.sv:59$35'.
  created $adff cell `$procdff$104' with positive edge clock and positive level reset.
Creating register for signal `$paramod$fe3d7b146cbc6a6bb98f4ef4e9d5205bc3a1db7a\bus_synchronizer.\dst_pulse' using process `$paramod$fe3d7b146cbc6a6bb98f4ef4e9d5205bc3a1db7a\bus_synchronizer.$proc$bus_synchronizer.sv:59$35'.
  created $adff cell `$procdff$109' with positive edge clock and positive level reset.
Creating register for signal `$paramod$fe3d7b146cbc6a6bb98f4ef4e9d5205bc3a1db7a\bus_synchronizer.\dst_seen_req_toggle_q' using process `$paramod$fe3d7b146cbc6a6bb98f4ef4e9d5205bc3a1db7a\bus_synchronizer.$proc$bus_synchronizer.sv:59$35'.
  created $adff cell `$procdff$114' with positive edge clock and positive level reset.
Creating register for signal `$paramod$fe3d7b146cbc6a6bb98f4ef4e9d5205bc3a1db7a\bus_synchronizer.\dst_ack_toggle_q' using process `$paramod$fe3d7b146cbc6a6bb98f4ef4e9d5205bc3a1db7a\bus_synchronizer.$proc$bus_synchronizer.sv:59$35'.
  created $adff cell `$procdff$119' with positive edge clock and positive level reset.
Creating register for signal `$paramod$fe3d7b146cbc6a6bb98f4ef4e9d5205bc3a1db7a\bus_synchronizer.\idx' using process `$paramod$fe3d7b146cbc6a6bb98f4ef4e9d5205bc3a1db7a\bus_synchronizer.$proc$bus_synchronizer.sv:59$35'.
  created $adff cell `$procdff$124' with positive edge clock and positive level reset.
Creating register for signal `$paramod$fe3d7b146cbc6a6bb98f4ef4e9d5205bc3a1db7a\bus_synchronizer.\req_sync_q[0]' using process `$paramod$fe3d7b146cbc6a6bb98f4ef4e9d5205bc3a1db7a\bus_synchronizer.$proc$bus_synchronizer.sv:59$35'.
  created $adff cell `$procdff$129' with positive edge clock and positive level reset.
Creating register for signal `$paramod$fe3d7b146cbc6a6bb98f4ef4e9d5205bc3a1db7a\bus_synchronizer.\req_sync_q[1]' using process `$paramod$fe3d7b146cbc6a6bb98f4ef4e9d5205bc3a1db7a\bus_synchronizer.$proc$bus_synchronizer.sv:59$35'.
  created $adff cell `$procdff$134' with positive edge clock and positive level reset.
Creating register for signal `$paramod$fe3d7b146cbc6a6bb98f4ef4e9d5205bc3a1db7a\bus_synchronizer.\src_buffer_q' using process `$paramod$fe3d7b146cbc6a6bb98f4ef4e9d5205bc3a1db7a\bus_synchronizer.$proc$bus_synchronizer.sv:38$31'.
  created $adff cell `$procdff$139' with positive edge clock and positive level reset.
Creating register for signal `$paramod$fe3d7b146cbc6a6bb98f4ef4e9d5205bc3a1db7a\bus_synchronizer.\src_req_toggle_q' using process `$paramod$fe3d7b146cbc6a6bb98f4ef4e9d5205bc3a1db7a\bus_synchronizer.$proc$bus_synchronizer.sv:38$31'.
  created $adff cell `$procdff$144' with positive edge clock and positive level reset.
Creating register for signal `$paramod$fe3d7b146cbc6a6bb98f4ef4e9d5205bc3a1db7a\bus_synchronizer.\idx' using process `$paramod$fe3d7b146cbc6a6bb98f4ef4e9d5205bc3a1db7a\bus_synchronizer.$proc$bus_synchronizer.sv:38$31'.
  created $adff cell `$procdff$149' with positive edge clock and positive level reset.
Creating register for signal `$paramod$fe3d7b146cbc6a6bb98f4ef4e9d5205bc3a1db7a\bus_synchronizer.\ack_sync_q[0]' using process `$paramod$fe3d7b146cbc6a6bb98f4ef4e9d5205bc3a1db7a\bus_synchronizer.$proc$bus_synchronizer.sv:38$31'.
  created $adff cell `$procdff$154' with positive edge clock and positive level reset.
Creating register for signal `$paramod$fe3d7b146cbc6a6bb98f4ef4e9d5205bc3a1db7a\bus_synchronizer.\ack_sync_q[1]' using process `$paramod$fe3d7b146cbc6a6bb98f4ef4e9d5205bc3a1db7a\bus_synchronizer.$proc$bus_synchronizer.sv:38$31'.
  created $adff cell `$procdff$159' with positive edge clock and positive level reset.
Creating register for signal `\bus_synchronizer_formal.\formal_ticks' using process `\bus_synchronizer_formal.$proc$bus_synchronizer_formal.sv:46$12'.
  created $ff cell `$procdff$160' with global clock.
Creating register for signal `\bus_synchronizer_formal.\prev_dst_clk' using process `\bus_synchronizer_formal.$proc$bus_synchronizer_formal.sv:46$12'.
  created $ff cell `$procdff$161' with global clock.
Creating register for signal `\bus_synchronizer_formal.\prev_dst_pulse_sampled' using process `\bus_synchronizer_formal.$proc$bus_synchronizer_formal.sv:46$12'.
  created $ff cell `$procdff$162' with global clock.

3.3.10. Executing PROC_MEMWR pass (convert process memory writes to cells).

3.3.11. Executing PROC_CLEAN pass (remove empty switches from decision trees).
Found and cleaned up 2 empty switches in `$paramod$fe3d7b146cbc6a6bb98f4ef4e9d5205bc3a1db7a\bus_synchronizer.$proc$bus_synchronizer.sv:59$35'.
Removing empty process `$paramod$fe3d7b146cbc6a6bb98f4ef4e9d5205bc3a1db7a\bus_synchronizer.$proc$bus_synchronizer.sv:59$35'.
Found and cleaned up 1 empty switch in `$paramod$fe3d7b146cbc6a6bb98f4ef4e9d5205bc3a1db7a\bus_synchronizer.$proc$bus_synchronizer.sv:38$31'.
Removing empty process `$paramod$fe3d7b146cbc6a6bb98f4ef4e9d5205bc3a1db7a\bus_synchronizer.$proc$bus_synchronizer.sv:38$31'.
Removing empty process `bus_synchronizer_formal.$proc$bus_synchronizer_formal.sv:40$29'.
Found and cleaned up 4 empty switches in `\bus_synchronizer_formal.$proc$bus_synchronizer_formal.sv:46$12'.
Removing empty process `bus_synchronizer_formal.$proc$bus_synchronizer_formal.sv:46$12'.
Cleaned up 7 empty switches.

3.3.12. Executing OPT_EXPR pass (perform const folding).
Optimizing module $paramod$fe3d7b146cbc6a6bb98f4ef4e9d5205bc3a1db7a\bus_synchronizer.
<suppressed ~26 debug messages>
Optimizing module bus_synchronizer_formal.
<suppressed ~9 debug messages>

3.4. Executing FUTURE pass.

3.5. Executing OPT_EXPR pass (perform const folding).
Optimizing module $paramod$fe3d7b146cbc6a6bb98f4ef4e9d5205bc3a1db7a\bus_synchronizer.
Optimizing module bus_synchronizer_formal.

3.6. Executing OPT_CLEAN pass (remove unused cells and wires).
Finding unused cells or wires in module $paramod$fe3d7b146cbc6a6bb98f4ef4e9d5205bc3a1db7a\bus_synchronizer..
Finding unused cells or wires in module \bus_synchronizer_formal..
Removed 19 unused cells and 87 unused wires.
<suppressed ~22 debug messages>

3.7. Executing CHECK pass (checking for obvious problems).
Checking module $paramod$fe3d7b146cbc6a6bb98f4ef4e9d5205bc3a1db7a\bus_synchronizer...
Checking module bus_synchronizer_formal...
Found and reported 0 problems.

3.8. Executing OPT pass (performing simple optimizations).

3.8.1. Executing OPT_EXPR pass (perform const folding).
Optimizing module $paramod$fe3d7b146cbc6a6bb98f4ef4e9d5205bc3a1db7a\bus_synchronizer.
Optimizing module bus_synchronizer_formal.

3.8.2. Executing OPT_MERGE pass (detect identical cells).
Finding identical cells in module `$paramod$fe3d7b146cbc6a6bb98f4ef4e9d5205bc3a1db7a\bus_synchronizer'.
Computing hashes of 27 cells of `$paramod$fe3d7b146cbc6a6bb98f4ef4e9d5205bc3a1db7a\bus_synchronizer'.
Finding duplicate cells in `$paramod$fe3d7b146cbc6a6bb98f4ef4e9d5205bc3a1db7a\bus_synchronizer'.
Finding identical cells in module `\bus_synchronizer_formal'.
Computing hashes of 37 cells of `\bus_synchronizer_formal'.
Finding duplicate cells in `\bus_synchronizer_formal'.
Removed a total of 0 cells.

3.8.3. Executing OPT_MUXTREE pass (detect dead branches in mux trees).
Running muxtree optimizer on module $paramod$fe3d7b146cbc6a6bb98f4ef4e9d5205bc3a1db7a\bus_synchronizer..
  Creating internal representation of mux trees.
  Evaluating internal representation of mux trees.
  Analyzing evaluation results.
Running muxtree optimizer on module \bus_synchronizer_formal..
  Creating internal representation of mux trees.
  Evaluating internal representation of mux trees.
  Analyzing evaluation results.
Removed 0 multiplexer ports.
<suppressed ~36 debug messages>

3.8.4. Executing OPT_REDUCE pass (consolidate $*mux and $reduce_* inputs).
  Optimizing cells in module $paramod$fe3d7b146cbc6a6bb98f4ef4e9d5205bc3a1db7a\bus_synchronizer.
  Optimizing cells in module \bus_synchronizer_formal.
Performed a total of 0 changes.

3.8.5. Executing OPT_MERGE pass (detect identical cells).
Finding identical cells in module `$paramod$fe3d7b146cbc6a6bb98f4ef4e9d5205bc3a1db7a\bus_synchronizer'.
Computing hashes of 27 cells of `$paramod$fe3d7b146cbc6a6bb98f4ef4e9d5205bc3a1db7a\bus_synchronizer'.
Finding duplicate cells in `$paramod$fe3d7b146cbc6a6bb98f4ef4e9d5205bc3a1db7a\bus_synchronizer'.
Finding identical cells in module `\bus_synchronizer_formal'.
Computing hashes of 37 cells of `\bus_synchronizer_formal'.
Finding duplicate cells in `\bus_synchronizer_formal'.
Computing hashes of 34 cells of `\bus_synchronizer_formal'.
Finding duplicate cells in `\bus_synchronizer_formal'.
<suppressed ~9 debug messages>
Removed a total of 3 cells.

3.8.6. Executing OPT_CLEAN pass (remove unused cells and wires).
Finding unused cells or wires in module $paramod$fe3d7b146cbc6a6bb98f4ef4e9d5205bc3a1db7a\bus_synchronizer..
Finding unused cells or wires in module \bus_synchronizer_formal..
Removed 0 unused cells and 3 unused wires.
<suppressed ~1 debug messages>

3.8.7. Executing OPT_EXPR pass (perform const folding).
Optimizing module $paramod$fe3d7b146cbc6a6bb98f4ef4e9d5205bc3a1db7a\bus_synchronizer.
Optimizing module bus_synchronizer_formal.

3.8.8. Rerunning OPT passes. (Maybe there is more to do..)

3.8.9. Executing OPT_MUXTREE pass (detect dead branches in mux trees).
Running muxtree optimizer on module $paramod$fe3d7b146cbc6a6bb98f4ef4e9d5205bc3a1db7a\bus_synchronizer..
  Creating internal representation of mux trees.
  Evaluating internal representation of mux trees.
  Analyzing evaluation results.
Running muxtree optimizer on module \bus_synchronizer_formal..
  Creating internal representation of mux trees.
  Evaluating internal representation of mux trees.
  Analyzing evaluation results.
Removed 0 multiplexer ports.
<suppressed ~30 debug messages>

3.8.10. Executing OPT_REDUCE pass (consolidate $*mux and $reduce_* inputs).
  Optimizing cells in module $paramod$fe3d7b146cbc6a6bb98f4ef4e9d5205bc3a1db7a\bus_synchronizer.
  Optimizing cells in module \bus_synchronizer_formal.
Performed a total of 0 changes.

3.8.11. Executing OPT_MERGE pass (detect identical cells).
Finding identical cells in module `$paramod$fe3d7b146cbc6a6bb98f4ef4e9d5205bc3a1db7a\bus_synchronizer'.
Computing hashes of 27 cells of `$paramod$fe3d7b146cbc6a6bb98f4ef4e9d5205bc3a1db7a\bus_synchronizer'.
Finding duplicate cells in `$paramod$fe3d7b146cbc6a6bb98f4ef4e9d5205bc3a1db7a\bus_synchronizer'.
Finding identical cells in module `\bus_synchronizer_formal'.
Computing hashes of 34 cells of `\bus_synchronizer_formal'.
Finding duplicate cells in `\bus_synchronizer_formal'.
Removed a total of 0 cells.

3.8.12. Executing OPT_CLEAN pass (remove unused cells and wires).
Finding unused cells or wires in module $paramod$fe3d7b146cbc6a6bb98f4ef4e9d5205bc3a1db7a\bus_synchronizer..
Finding unused cells or wires in module \bus_synchronizer_formal..

3.8.13. Executing OPT_EXPR pass (perform const folding).
Optimizing module $paramod$fe3d7b146cbc6a6bb98f4ef4e9d5205bc3a1db7a\bus_synchronizer.
Optimizing module bus_synchronizer_formal.

3.8.14. Finished fast OPT passes. (There is nothing left to do.)

3.9. Executing WREDUCE pass (reducing word size of cells).
Removed top 3 bits (of 5) from port B of cell bus_synchronizer_formal.$ge$bus_synchronizer_formal.sv:9$5 ($ge).
Removed top 2 bits (of 5) from port B of cell bus_synchronizer_formal.$ge$bus_synchronizer_formal.sv:10$6 ($ge).

3.10. Executing OPT_CLEAN pass (remove unused cells and wires).
Finding unused cells or wires in module $paramod$fe3d7b146cbc6a6bb98f4ef4e9d5205bc3a1db7a\bus_synchronizer..
Finding unused cells or wires in module \bus_synchronizer_formal..

3.11. Executing MEMORY_COLLECT pass (generating $mem cells).

3.12. Executing OPT pass (performing simple optimizations).

3.12.1. Executing OPT_EXPR pass (perform const folding).
Optimizing module $paramod$fe3d7b146cbc6a6bb98f4ef4e9d5205bc3a1db7a\bus_synchronizer.
Optimizing module bus_synchronizer_formal.

3.12.2. Executing OPT_MERGE pass (detect identical cells).
Finding identical cells in module `$paramod$fe3d7b146cbc6a6bb98f4ef4e9d5205bc3a1db7a\bus_synchronizer'.
Computing hashes of 27 cells of `$paramod$fe3d7b146cbc6a6bb98f4ef4e9d5205bc3a1db7a\bus_synchronizer'.
Finding duplicate cells in `$paramod$fe3d7b146cbc6a6bb98f4ef4e9d5205bc3a1db7a\bus_synchronizer'.
Finding identical cells in module `\bus_synchronizer_formal'.
Computing hashes of 34 cells of `\bus_synchronizer_formal'.
Finding duplicate cells in `\bus_synchronizer_formal'.
Removed a total of 0 cells.

3.12.3. Executing OPT_CLEAN pass (remove unused cells and wires).
Finding unused cells or wires in module $paramod$fe3d7b146cbc6a6bb98f4ef4e9d5205bc3a1db7a\bus_synchronizer..
Finding unused cells or wires in module \bus_synchronizer_formal..

3.12.4. Finished fast OPT passes.

3.13. Executing SORT pass.

3.14. Printing statistics.

=== $paramod$fe3d7b146cbc6a6bb98f4ef4e9d5205bc3a1db7a\bus_synchronizer ===

        +----------Local Count, excluding submodules.
        | 
       34 wires
       69 wire bits
       19 public wires
       40 public wire bits
       11 ports
       25 port bits
       27 cells
       11   $adff
        1   $eq
        3   $logic_and
        1   $logic_not
        9   $mux
        1   $ne
        1   $not

=== bus_synchronizer_formal ===

        +----------Local Count, excluding submodules.
        | 
       32 wires
       54 wire bits
       15 public wires
       33 public wire bits
       33 cells
        1   $add
        3   $anyseq
        7   $check
        3   $ff
        2   $ge
        2   $logic_and
        6   $logic_not
        9   $mux
        1 submodules
        1   $paramod$fe3d7b146cbc6a6bb98f4ef4e9d5205bc3a1db7a\bus_synchronizer

=== design hierarchy ===

        +----------Count including submodules.
        | 
       60 bus_synchronizer_formal
       27 $paramod$fe3d7b146cbc6a6bb98f4ef4e9d5205bc3a1db7a\bus_synchronizer

        +----------Count including submodules.
        | 
       66 wires
      123 wire bits
       34 public wires
       73 public wire bits
       11 ports
       25 port bits
        - memories
        - memory bits
        - processes
       60 cells
        1   $add
       11   $adff
        3   $anyseq
        7   $check
        1   $eq
        3   $ff
        2   $ge
        5   $logic_and
        7   $logic_not
       18   $mux
        1   $ne
        1   $not
        1 submodules
        1   $paramod$fe3d7b146cbc6a6bb98f4ef4e9d5205bc3a1db7a\bus_synchronizer

3.15. Executing CHECK pass (checking for obvious problems).
Checking module $paramod$fe3d7b146cbc6a6bb98f4ef4e9d5205bc3a1db7a\bus_synchronizer...
Checking module bus_synchronizer_formal...
Found and reported 0 problems.

4. Executing HIERARCHY pass (managing design hierarchy).
Attribute `top' found on module `bus_synchronizer_formal'. Setting top module to bus_synchronizer_formal.

4.1. Analyzing design hierarchy..
Top module:  \bus_synchronizer_formal
Used module:     $paramod$fe3d7b146cbc6a6bb98f4ef4e9d5205bc3a1db7a\bus_synchronizer

4.2. Analyzing design hierarchy..
Top module:  \bus_synchronizer_formal
Used module:     $paramod$fe3d7b146cbc6a6bb98f4ef4e9d5205bc3a1db7a\bus_synchronizer
Removed 0 unused modules.
Module bus_synchronizer_formal directly or indirectly contains formal properties -> setting "keep" attribute.

5. Executing jny backend.

6. Executing RTLIL backend.
Output filename: ../model/design.il

Warnings: 2 unique messages, 2 total
End of script. Logfile hash: 95ca1621c6
Yosys 0.63+188 (git sha1 cede13a74-dirty, x86_64-w64-mingw32-g++ 13.2.1 -O3)
Time spent: 3% 6x opt_expr (0 sec), 3% 5x opt_clean (0 sec), ...
