
 /----------------------------------------------------------------------------\
 |  yosys -- Yosys Open SYnthesis Suite                                       |
 |  Copyright (C) 2012 - 2026  Claire Xenia Wolf <claire@yosyshq.com>         |
 |  Distributed under an ISC-like license, type "license" to see terms        |
 \----------------------------------------------------------------------------/
 Yosys 0.63+188 (git sha1 cede13a74-dirty, x86_64-w64-mingw32-g++ 13.2.1 -O3)

-- Executing script file `design_prep.ys' --

1. Executing RTLIL frontend.
Input filename: design.il

2. Executing SCC pass (detecting logic loops).
Found 0 SCCs in module $paramod\pulse_synchronizer\SYNC_STAGES=s32'00000000000000000000000000000010.
Found 0 SCCs in module pulse_synchronizer_formal.
Found 0 SCCs.

3. Executing SIMPLEMAP pass (map simple cells to gate primitives).

4. Executing MEMORY_NORDFF pass (extracting $dff cells from memories).

5. Executing CLK2FFLOGIC pass (convert clocked FFs to generic $ff cells).

5.1. Executing PEEPOPT pass (run peephole optimizers).
Replacing $paramod\pulse_synchronizer\SYNC_STAGES=s32'00000000000000000000000000000010.$procdff$105 ($adff): CLK=\src_clk, D=\dst_ack_toggle_q, Q=\ack_sync_q[0]
Replacing $paramod\pulse_synchronizer\SYNC_STAGES=s32'00000000000000000000000000000010.$procdff$110 ($adff): CLK=\src_clk, D=\ack_sync_q[0], Q=\ack_sync_q[1]
Replacing $paramod\pulse_synchronizer\SYNC_STAGES=s32'00000000000000000000000000000010.$procdff$65 ($adff): CLK=\dst_clk, D=$0\dst_pulse[0:0], Q=\dst_pulse
Replacing $paramod\pulse_synchronizer\SYNC_STAGES=s32'00000000000000000000000000000010.$procdff$70 ($adff): CLK=\dst_clk, D=$0\dst_ack_toggle_q[0:0], Q=\dst_ack_toggle_q
Replacing $paramod\pulse_synchronizer\SYNC_STAGES=s32'00000000000000000000000000000010.$procdff$75 ($adff): CLK=\dst_clk, D=$0\dst_seen_toggle_q[0:0], Q=\dst_seen_toggle_q
Replacing $paramod\pulse_synchronizer\SYNC_STAGES=s32'00000000000000000000000000000010.$procdff$85 ($adff): CLK=\dst_clk, D=\src_toggle_q, Q=\req_sync_q[0]
Replacing $paramod\pulse_synchronizer\SYNC_STAGES=s32'00000000000000000000000000000010.$procdff$90 ($adff): CLK=\dst_clk, D=\req_sync_q[0], Q=\req_sync_q[1]
Replacing $paramod\pulse_synchronizer\SYNC_STAGES=s32'00000000000000000000000000000010.$procdff$95 ($adff): CLK=\src_clk, D=$0\src_toggle_q[0:0], Q=\src_toggle_q

6. Executing OPT_CLEAN pass (remove unused cells and wires).
Finding unused cells or wires in module $paramod\pulse_synchronizer\SYNC_STAGES=s32'00000000000000000000000000000010..
Finding unused cells or wires in module \pulse_synchronizer_formal..
Removed 8 unused cells and 16 unused wires.
<suppressed ~10 debug messages>

7. Executing FORMALFF pass.

8. Executing OPT_CLEAN pass (remove unused cells and wires).
Finding unused cells or wires in module $paramod\pulse_synchronizer\SYNC_STAGES=s32'00000000000000000000000000000010..
Finding unused cells or wires in module \pulse_synchronizer_formal..

9. Executing CHECK pass (checking for obvious problems).
Checking module $paramod\pulse_synchronizer\SYNC_STAGES=s32'00000000000000000000000000000010...
Checking module pulse_synchronizer_formal...
Found and reported 0 problems.

10. Executing SETUNDEF pass (replace undef values with defined constants).

11. Executing OPT pass (performing simple optimizations).

11.1. Executing OPT_EXPR pass (perform const folding).
Optimizing module $paramod\pulse_synchronizer\SYNC_STAGES=s32'00000000000000000000000000000010.
<suppressed ~8 debug messages>
Optimizing module pulse_synchronizer_formal.

11.2. Executing OPT_MERGE pass (detect identical cells).
Finding identical cells in module `$paramod\pulse_synchronizer\SYNC_STAGES=s32'00000000000000000000000000000010'.
Computing hashes of 81 cells of `$paramod\pulse_synchronizer\SYNC_STAGES=s32'00000000000000000000000000000010'.
Finding duplicate cells in `$paramod\pulse_synchronizer\SYNC_STAGES=s32'00000000000000000000000000000010'.
Computing hashes of 69 cells of `$paramod\pulse_synchronizer\SYNC_STAGES=s32'00000000000000000000000000000010'.
Finding duplicate cells in `$paramod\pulse_synchronizer\SYNC_STAGES=s32'00000000000000000000000000000010'.
Computing hashes of 57 cells of `$paramod\pulse_synchronizer\SYNC_STAGES=s32'00000000000000000000000000000010'.
Finding duplicate cells in `$paramod\pulse_synchronizer\SYNC_STAGES=s32'00000000000000000000000000000010'.
<suppressed ~72 debug messages>
Finding identical cells in module `\pulse_synchronizer_formal'.
Computing hashes of 25 cells of `\pulse_synchronizer_formal'.
Finding duplicate cells in `\pulse_synchronizer_formal'.
Removed a total of 24 cells.

11.3. Executing OPT_DFF pass (perform DFF optimizations).

11.4. Executing OPT_CLEAN pass (remove unused cells and wires).
Finding unused cells or wires in module $paramod\pulse_synchronizer\SYNC_STAGES=s32'00000000000000000000000000000010..
Finding unused cells or wires in module \pulse_synchronizer_formal..
Removed 0 unused cells and 24 unused wires.
<suppressed ~1 debug messages>

11.5. Finished fast OPT passes.

12. Executing OPT_CLEAN pass (remove unused cells and wires).
Finding unused cells or wires in module $paramod\pulse_synchronizer\SYNC_STAGES=s32'00000000000000000000000000000010..
Finding unused cells or wires in module \pulse_synchronizer_formal..

13. Executing RTLIL backend.
Output filename: ../model/design_prep.il

End of script. Logfile hash: 331351be73
Yosys 0.63+188 (git sha1 cede13a74-dirty, x86_64-w64-mingw32-g++ 13.2.1 -O3)
Time spent: 5% 4x opt_clean (0 sec), 5% 4x id_gc (0 sec), ...
