
 /----------------------------------------------------------------------------\
 |  yosys -- Yosys Open SYnthesis Suite                                       |
 |  Copyright (C) 2012 - 2026  Claire Xenia Wolf <claire@yosyshq.com>         |
 |  Distributed under an ISC-like license, type "license" to see terms        |
 \----------------------------------------------------------------------------/
 Yosys 0.63+188 (git sha1 cede13a74-dirty, x86_64-w64-mingw32-g++ 13.2.1 -O3)

-- Executing script file `design_smt2.ys' --

1. Executing RTLIL frontend.
Input filename: design_prep.il

2. Executing HIERARCHY pass (managing design hierarchy).
Attribute `top' found on module `pulse_synchronizer_formal'. Setting top module to pulse_synchronizer_formal.

2.1. Analyzing design hierarchy..
Top module:  \pulse_synchronizer_formal
Used module:     $paramod\pulse_synchronizer\SYNC_STAGES=s32'00000000000000000000000000000010

2.2. Analyzing design hierarchy..
Top module:  \pulse_synchronizer_formal
Used module:     $paramod\pulse_synchronizer\SYNC_STAGES=s32'00000000000000000000000000000010
Removed 0 unused modules.
Module pulse_synchronizer_formal directly or indirectly contains formal properties -> setting "keep" attribute.

3. Executing FORMALFF pass.

4. Executing DFFUNMAP pass (unmap clock enable and synchronous reset from FFs).

5. Printing statistics.

=== $paramod\pulse_synchronizer\SYNC_STAGES=s32'00000000000000000000000000000010 ===

        +----------Local Count, excluding submodules.
        | 
       62 wires
       62 wire bits
       14 public wires
       14 public wire bits
        7 ports
        7 port bits
       57 cells
        8   $anyinit
        2   $eqx
       12   $ff
        1   $logic_and
        1   $logic_not
       28   $mux
        2   $ne
        3   $not

=== pulse_synchronizer_formal ===

        +----------Local Count, excluding submodules.
        | 
       24 wires
       32 wire bits
       11 public wires
       15 public wire bits
       24 cells
        1   $add
        1   $anyseq
        3   $assert
        1   $assume
        3   $ff
        2   $ge
        2   $logic_and
        5   $logic_not
        6   $mux
        1 submodules
        1   $paramod\pulse_synchronizer\SYNC_STAGES=s32'00000000000000000000000000000010

=== design hierarchy ===

        +----------Count including submodules.
        | 
       81 pulse_synchronizer_formal
       57 $paramod\pulse_synchronizer\SYNC_STAGES=s32'00000000000000000000000000000010

        +----------Count including submodules.
        | 
       86 wires
       94 wire bits
       25 public wires
       29 public wire bits
        7 ports
        7 port bits
        - memories
        - memory bits
        - processes
       81 cells
        1   $add
        8   $anyinit
        1   $anyseq
        3   $assert
        1   $assume
        2   $eqx
       15   $ff
        2   $ge
        3   $logic_and
        6   $logic_not
       34   $mux
        2   $ne
        3   $not
        1 submodules
        1   $paramod\pulse_synchronizer\SYNC_STAGES=s32'00000000000000000000000000000010

6. Executing SMT2 backend.

6.1. Executing BMUXMAP pass.

6.2. Executing DEMUXMAP pass.
Creating SMT-LIBv2 representation of module $paramod\pulse_synchronizer\SYNC_STAGES=s32'00000000000000000000000000000010.
Creating SMT-LIBv2 representation of module pulse_synchronizer_formal.

End of script. Logfile hash: 02a0257baa
Yosys 0.63+188 (git sha1 cede13a74-dirty, x86_64-w64-mingw32-g++ 13.2.1 -O3)
Time spent: 10% 2x write_smt2 (0 sec), 10% 2x read_rtlil (0 sec), ...
