
 /----------------------------------------------------------------------------\
 |  yosys -- Yosys Open SYnthesis Suite                                       |
 |  Copyright (C) 2012 - 2026  Claire Xenia Wolf <claire@yosyshq.com>         |
 |  Distributed under an ISC-like license, type "license" to see terms        |
 \----------------------------------------------------------------------------/
 Yosys 0.63+188 (git sha1 cede13a74-dirty, x86_64-w64-mingw32-g++ 13.2.1 -O3)

-- Executing script file `design_prep.ys' --

1. Executing RTLIL frontend.
Input filename: design.il

2. Executing SCC pass (detecting logic loops).
Found 0 SCCs in module $paramod$55135e7151185edcc8d80f31efbb9cc8c3ecc2f7\reset_synchronizer.
Found 0 SCCs in module reset_synchronizer_formal.
Found 0 SCCs.

3. Executing SIMPLEMAP pass (map simple cells to gate primitives).

4. Executing MEMORY_NORDFF pass (extracting $dff cells from memories).

5. Executing CLK2FFLOGIC pass (convert clocked FFs to generic $ff cells).

5.1. Executing PEEPOPT pass (run peephole optimizers).
Replacing $paramod$55135e7151185edcc8d80f31efbb9cc8c3ecc2f7\reset_synchronizer.$procdff$27 ($adff): CLK=\clk, D={ \sync_q [0] 1'0 }, Q=\sync_q

6. Executing OPT_CLEAN pass (remove unused cells and wires).
Finding unused cells or wires in module $paramod$55135e7151185edcc8d80f31efbb9cc8c3ecc2f7\reset_synchronizer..
Finding unused cells or wires in module \reset_synchronizer_formal..
Removed 8 unused cells and 9 unused wires.
<suppressed ~10 debug messages>

7. Executing FORMALFF pass.

8. Executing OPT_CLEAN pass (remove unused cells and wires).
Finding unused cells or wires in module $paramod$55135e7151185edcc8d80f31efbb9cc8c3ecc2f7\reset_synchronizer..
Finding unused cells or wires in module \reset_synchronizer_formal..

9. Executing CHECK pass (checking for obvious problems).
Checking module $paramod$55135e7151185edcc8d80f31efbb9cc8c3ecc2f7\reset_synchronizer...
Checking module reset_synchronizer_formal...
Found and reported 0 problems.

10. Executing SETUNDEF pass (replace undef values with defined constants).

11. Executing OPT pass (performing simple optimizations).

11.1. Executing OPT_EXPR pass (perform const folding).
Optimizing module $paramod$55135e7151185edcc8d80f31efbb9cc8c3ecc2f7\reset_synchronizer.
<suppressed ~1 debug messages>
Optimizing module reset_synchronizer_formal.

11.2. Executing OPT_MERGE pass (detect identical cells).
Finding identical cells in module `$paramod$55135e7151185edcc8d80f31efbb9cc8c3ecc2f7\reset_synchronizer'.
Computing hashes of 10 cells of `$paramod$55135e7151185edcc8d80f31efbb9cc8c3ecc2f7\reset_synchronizer'.
Finding duplicate cells in `$paramod$55135e7151185edcc8d80f31efbb9cc8c3ecc2f7\reset_synchronizer'.
Finding identical cells in module `\reset_synchronizer_formal'.
Computing hashes of 15 cells of `\reset_synchronizer_formal'.
Finding duplicate cells in `\reset_synchronizer_formal'.
Removed a total of 0 cells.

11.3. Executing OPT_DFF pass (perform DFF optimizations).
Setting constant 0-bit at position 0 on $auto$clk2fflogic.cc:108:sample_data$32 ($ff) from module $paramod$55135e7151185edcc8d80f31efbb9cc8c3ecc2f7\reset_synchronizer.

11.4. Executing OPT_CLEAN pass (remove unused cells and wires).
Finding unused cells or wires in module $paramod$55135e7151185edcc8d80f31efbb9cc8c3ecc2f7\reset_synchronizer..
Finding unused cells or wires in module \reset_synchronizer_formal..

11.5. Rerunning OPT passes. (Removed registers in this run.)

11.6. Executing OPT_EXPR pass (perform const folding).
Optimizing module $paramod$55135e7151185edcc8d80f31efbb9cc8c3ecc2f7\reset_synchronizer.
Optimizing module reset_synchronizer_formal.

11.7. Executing OPT_MERGE pass (detect identical cells).
Finding identical cells in module `$paramod$55135e7151185edcc8d80f31efbb9cc8c3ecc2f7\reset_synchronizer'.
Computing hashes of 10 cells of `$paramod$55135e7151185edcc8d80f31efbb9cc8c3ecc2f7\reset_synchronizer'.
Finding duplicate cells in `$paramod$55135e7151185edcc8d80f31efbb9cc8c3ecc2f7\reset_synchronizer'.
Finding identical cells in module `\reset_synchronizer_formal'.
Computing hashes of 15 cells of `\reset_synchronizer_formal'.
Finding duplicate cells in `\reset_synchronizer_formal'.
Removed a total of 0 cells.

11.8. Executing OPT_DFF pass (perform DFF optimizations).

11.9. Executing OPT_CLEAN pass (remove unused cells and wires).
Finding unused cells or wires in module $paramod$55135e7151185edcc8d80f31efbb9cc8c3ecc2f7\reset_synchronizer..
Finding unused cells or wires in module \reset_synchronizer_formal..

11.10. Finished fast OPT passes.

12. Executing OPT_CLEAN pass (remove unused cells and wires).
Finding unused cells or wires in module $paramod$55135e7151185edcc8d80f31efbb9cc8c3ecc2f7\reset_synchronizer..
Finding unused cells or wires in module \reset_synchronizer_formal..

13. Executing RTLIL backend.
Output filename: ../model/design_prep.il

End of script. Logfile hash: ba2e4fca41
Yosys 0.63+188 (git sha1 cede13a74-dirty, x86_64-w64-mingw32-g++ 13.2.1 -O3)
Time spent: 5% 5x opt_clean (0 sec), 5% 4x id_gc (0 sec), ...
