
 /----------------------------------------------------------------------------\
 |  yosys -- Yosys Open SYnthesis Suite                                       |
 |  Copyright (C) 2012 - 2026  Claire Xenia Wolf <claire@yosyshq.com>         |
 |  Distributed under an ISC-like license, type "license" to see terms        |
 \----------------------------------------------------------------------------/
 Yosys 0.63+188 (git sha1 cede13a74-dirty, x86_64-w64-mingw32-g++ 13.2.1 -O3)

-- Executing script file `design_smt2.ys' --

1. Executing RTLIL frontend.
Input filename: design_prep.il

2. Executing HIERARCHY pass (managing design hierarchy).
Attribute `top' found on module `reset_synchronizer_formal'. Setting top module to reset_synchronizer_formal.

2.1. Analyzing design hierarchy..
Top module:  \reset_synchronizer_formal
Used module:     $paramod$55135e7151185edcc8d80f31efbb9cc8c3ecc2f7\reset_synchronizer

2.2. Analyzing design hierarchy..
Top module:  \reset_synchronizer_formal
Used module:     $paramod$55135e7151185edcc8d80f31efbb9cc8c3ecc2f7\reset_synchronizer
Removed 0 unused modules.
Module reset_synchronizer_formal directly or indirectly contains formal properties -> setting "keep" attribute.

3. Executing FORMALFF pass.

4. Executing DFFUNMAP pass (unmap clock enable and synchronous reset from FFs).

5. Printing statistics.

=== $paramod$55135e7151185edcc8d80f31efbb9cc8c3ecc2f7\reset_synchronizer ===

        +----------Local Count, excluding submodules.
        | 
       13 wires
       18 wire bits
        5 public wires
        6 public wire bits
        4 ports
        4 port bits
       10 cells
        1   $anyinit
        1   $eqx
        3   $ff
        3   $mux
        2   $not

=== reset_synchronizer_formal ===

        +----------Local Count, excluding submodules.
        | 
       13 wires
       21 wire bits
        6 public wires
       10 public wire bits
       14 cells
        1   $add
        1   $anyseq
        4   $assert
        1   $eq
        1   $ff
        2   $logic_not
        1   $lt
        3   $mux
        1 submodules
        1   $paramod$55135e7151185edcc8d80f31efbb9cc8c3ecc2f7\reset_synchronizer

=== design hierarchy ===

        +----------Count including submodules.
        | 
       24 reset_synchronizer_formal
       10 $paramod$55135e7151185edcc8d80f31efbb9cc8c3ecc2f7\reset_synchronizer

        +----------Count including submodules.
        | 
       26 wires
       39 wire bits
       11 public wires
       16 public wire bits
        4 ports
        4 port bits
        - memories
        - memory bits
        - processes
       24 cells
        1   $add
        1   $anyinit
        1   $anyseq
        4   $assert
        1   $eq
        1   $eqx
        4   $ff
        2   $logic_not
        1   $lt
        6   $mux
        2   $not
        1 submodules
        1   $paramod$55135e7151185edcc8d80f31efbb9cc8c3ecc2f7\reset_synchronizer

6. Executing SMT2 backend.

6.1. Executing BMUXMAP pass.

6.2. Executing DEMUXMAP pass.
Creating SMT-LIBv2 representation of module $paramod$55135e7151185edcc8d80f31efbb9cc8c3ecc2f7\reset_synchronizer.
Creating SMT-LIBv2 representation of module reset_synchronizer_formal.

End of script. Logfile hash: 6cdeafae1d
Yosys 0.63+188 (git sha1 cede13a74-dirty, x86_64-w64-mingw32-g++ 13.2.1 -O3)
Time spent: 10% 2x write_smt2 (0 sec), 10% 2x read_rtlil (0 sec), ...
